# JRE version: Java(TM) SE Runtime Environment (8.0_261-b12) (build 1.8.0_261-b12)
# Java VM: Java HotSpot(TM) 64-Bit Server VM (25.261-b12 mixed mode windows-amd64 compressed oops)
Heap:
 PSYoungGen      total 332288K, used 260310K [0x00000000d5d00000, 0x00000000eb900000, 0x0000000100000000)
  eden space 311808K, 83% used [0x00000000d5d00000,0x00000000e5b35a50,0x00000000e8d80000)
  from space 20480K, 0% used [0x00000000ea200000,0x00000000ea200000,0x00000000eb600000)
  to   space 20992K, 0% used [0x00000000e8d80000,0x00000000e8d80000,0x00000000ea200000)
 ParOldGen       total 102912K, used 24620K [0x0000000081600000, 0x0000000087a80000, 0x00000000d5d00000)
  object space 102912K, 23% used [0x0000000081600000,0x0000000082e0b0a8,0x0000000087a80000)
 Metaspace       used 65988K, capacity 69292K, committed 69544K, reserved 1110016K
  class space    used 9040K, capacity 9587K, committed 9648K, reserved 1048576K
GC Heap History (10 events):
Event: 8.542 GC heap before
{Heap before GC invocations=9 (full 1):
 PSYoungGen      total 142336K, used 121075K [0x00000000d5d00000, 0x00000000e5a00000, 0x0000000100000000)
  eden space 133120K, 84% used [0x00000000d5d00000,0x00000000dca44500,0x00000000ddf00000)
  from space 9216K, 99% used [0x00000000ddf00000,0x00000000de7f8908,0x00000000de800000)
  to   space 13824K, 0% used [0x00000000e4c80000,0x00000000e4c80000,0x00000000e5a00000)
 ParOldGen       total 50176K, used 12212K [0x0000000081600000, 0x0000000084700000, 0x00000000d5d00000)
  object space 50176K, 24% used [0x0000000081600000,0x00000000821ed148,0x0000000084700000)
 Metaspace       used 33472K, capacity 35370K, committed 35496K, reserved 1079296K
  class space    used 4417K, capacity 4766K, committed 4784K, reserved 1048576K
Event: 8.566 GC heap after
Heap after GC invocations=9 (full 1):
 PSYoungGen      total 236544K, used 9722K [0x00000000d5d00000, 0x00000000e5600000, 0x0000000100000000)
  eden space 226816K, 0% used [0x00000000d5d00000,0x00000000d5d00000,0x00000000e3a80000)
  from space 9728K, 99% used [0x00000000e4c80000,0x00000000e55feac0,0x00000000e5600000)
  to   space 13824K, 0% used [0x00000000e3b00000,0x00000000e3b00000,0x00000000e4880000)
 ParOldGen       total 50176K, used 12220K [0x0000000081600000, 0x0000000084700000, 0x00000000d5d00000)
  object space 50176K, 24% used [0x0000000081600000,0x00000000821ef148,0x0000000084700000)
 Metaspace       used 33472K, capacity 35370K, committed 35496K, reserved 1079296K
  class space    used 4417K, capacity 4766K, committed 4784K, reserved 1048576K
}
Event: 8.566 GC heap before
{Heap before GC invocations=10 (full 2):
 PSYoungGen      total 236544K, used 9722K [0x00000000d5d00000, 0x00000000e5600000, 0x0000000100000000)
  eden space 226816K, 0% used [0x00000000d5d00000,0x00000000d5d00000,0x00000000e3a80000)
  from space 9728K, 99% used [0x00000000e4c80000,0x00000000e55feac0,0x00000000e5600000)
  to   space 13824K, 0% used [0x00000000e3b00000,0x00000000e3b00000,0x00000000e4880000)
 ParOldGen       total 50176K, used 12220K [0x0000000081600000, 0x0000000084700000, 0x00000000d5d00000)
  object space 50176K, 24% used [0x0000000081600000,0x00000000821ef148,0x0000000084700000)
 Metaspace       used 33472K, capacity 35370K, committed 35496K, reserved 1079296K
  class space    used 4417K, capacity 4766K, committed 4784K, reserved 1048576K
Event: 8.685 GC heap after
Heap after GC invocations=10 (full 2):
 PSYoungGen      total 236544K, used 0K [0x00000000d5d00000, 0x00000000e5600000, 0x0000000100000000)
  eden space 226816K, 0% used [0x00000000d5d00000,0x00000000d5d00000,0x00000000e3a80000)
  from space 9728K, 0% used [0x00000000e4c80000,0x00000000e4c80000,0x00000000e5600000)
  to   space 13824K, 0% used [0x00000000e3b00000,0x00000000e3b00000,0x00000000e4880000)
 ParOldGen       total 74752K, used 14498K [0x0000000081600000, 0x0000000085f00000, 0x00000000d5d00000)
  object space 74752K, 19% used [0x0000000081600000,0x0000000082428988,0x0000000085f00000)
 Metaspace       used 33472K, capacity 35370K, committed 35496K, reserved 1079296K
  class space    used 4417K, capacity 4766K, committed 4784K, reserved 1048576K
}
Event: 13.981 GC heap before
{Heap before GC invocations=11 (full 2):
 PSYoungGen      total 236544K, used 226816K [0x00000000d5d00000, 0x00000000e5600000, 0x0000000100000000)
  eden space 226816K, 100% used [0x00000000d5d00000,0x00000000e3a80000,0x00000000e3a80000)
  from space 9728K, 0% used [0x00000000e4c80000,0x00000000e4c80000,0x00000000e5600000)
  to   space 13824K, 0% used [0x00000000e3b00000,0x00000000e3b00000,0x00000000e4880000)
 ParOldGen       total 74752K, used 14498K [0x0000000081600000, 0x0000000085f00000, 0x00000000d5d00000)
  object space 74752K, 19% used [0x0000000081600000,0x0000000082428988,0x0000000085f00000)
 Metaspace       used 54529K, capacity 56798K, committed 57128K, reserved 1097728K
  class space    used 7486K, capacity 7904K, committed 7984K, reserved 1048576K
Event: 14.042 GC heap after
Heap after GC invocations=11 (full 2):
 PSYoungGen      total 241152K, used 13814K [0x00000000d5d00000, 0x00000000eb600000, 0x0000000100000000)
  eden space 227328K, 0% used [0x00000000d5d00000,0x00000000d5d00000,0x00000000e3b00000)
  from space 13824K, 99% used [0x00000000e3b00000,0x00000000e487d8e8,0x00000000e4880000)
  to   space 20480K, 0% used [0x00000000ea200000,0x00000000ea200000,0x00000000eb600000)
 ParOldGen       total 74752K, used 25676K [0x0000000081600000, 0x0000000085f00000, 0x00000000d5d00000)
  object space 74752K, 34% used [0x0000000081600000,0x0000000082f13320,0x0000000085f00000)
 Metaspace       used 54529K, capacity 56798K, committed 57128K, reserved 1097728K
  class space    used 7486K, capacity 7904K, committed 7984K, reserved 1048576K
}
Event: 14.793 GC heap before
{Heap before GC invocations=12 (full 2):
 PSYoungGen      total 241152K, used 45063K [0x00000000d5d00000, 0x00000000eb600000, 0x0000000100000000)
  eden space 227328K, 13% used [0x00000000d5d00000,0x00000000d7b84688,0x00000000e3b00000)
  from space 13824K, 99% used [0x00000000e3b00000,0x00000000e487d8e8,0x00000000e4880000)
  to   space 20480K, 0% used [0x00000000ea200000,0x00000000ea200000,0x00000000eb600000)
 ParOldGen       total 74752K, used 25676K [0x0000000081600000, 0x0000000085f00000, 0x00000000d5d00000)
  object space 74752K, 34% used [0x0000000081600000,0x0000000082f13320,0x0000000085f00000)
 Metaspace       used 56636K, capacity 59014K, committed 59160K, reserved 1099776K
  class space    used 7733K, capacity 8158K, committed 8240K, reserved 1048576K
Event: 14.824 GC heap after
Heap after GC invocations=12 (full 2):
 PSYoungGen      total 332288K, used 13122K [0x00000000d5d00000, 0x00000000eb900000, 0x0000000100000000)
  eden space 311808K, 0% used [0x00000000d5d00000,0x00000000d5d00000,0x00000000e8d80000)
  from space 20480K, 64% used [0x00000000ea200000,0x00000000eaed0a98,0x00000000eb600000)
  to   space 20992K, 0% used [0x00000000e8d80000,0x00000000e8d80000,0x00000000ea200000)
 ParOldGen       total 74752K, used 25684K [0x0000000081600000, 0x0000000085f00000, 0x00000000d5d00000)
  object space 74752K, 34% used [0x0000000081600000,0x0000000082f15320,0x0000000085f00000)
 Metaspace       used 56636K, capacity 59014K, committed 59160K, reserved 1099776K
  class space    used 7733K, capacity 8158K, committed 8240K, reserved 1048576K
}
Event: 14.824 GC heap before
{Heap before GC invocations=13 (full 3):
 PSYoungGen      total 332288K, used 13122K [0x00000000d5d00000, 0x00000000eb900000, 0x0000000100000000)
  eden space 311808K, 0% used [0x00000000d5d00000,0x00000000d5d00000,0x00000000e8d80000)
  from space 20480K, 64% used [0x00000000ea200000,0x00000000eaed0a98,0x00000000eb600000)
  to   space 20992K, 0% used [0x00000000e8d80000,0x00000000e8d80000,0x00000000ea200000)
 ParOldGen       total 74752K, used 25684K [0x0000000081600000, 0x0000000085f00000, 0x00000000d5d00000)
  object space 74752K, 34% used [0x0000000081600000,0x0000000082f15320,0x0000000085f00000)
 Metaspace       used 56636K, capacity 59014K, committed 59160K, reserved 1099776K
  class space    used 7733K, capacity 8158K, committed 8240K, reserved 1048576K
Event: 15.072 GC heap after
Heap after GC invocations=13 (full 3):
 PSYoungGen      total 332288K, used 0K [0x00000000d5d00000, 0x00000000eb900000, 0x0000000100000000)
  eden space 311808K, 0% used [0x00000000d5d00000,0x00000000d5d00000,0x00000000e8d80000)
  from space 20480K, 0% used [0x00000000ea200000,0x00000000ea200000,0x00000000eb600000)
  to   space 20992K, 0% used [0x00000000e8d80000,0x00000000e8d80000,0x00000000ea200000)
 ParOldGen       total 102912K, used 24620K [0x0000000081600000, 0x0000000087a80000, 0x00000000d5d00000)
  object space 102912K, 23% used [0x0000000081600000,0x0000000082e0b0a8,0x0000000087a80000)
 Metaspace       used 56636K, capacity 59014K, committed 59160K, reserved 1099776K
  class space    used 7733K, capacity 8158K, committed 8240K, reserved 1048576K
}

